2026-01-21 13:06:16.316 UTC [1] LOG:  starting PostgreSQL 17.7 (Debian 17.7-3.pgdg13+1) on x86_64-pc-linux-gnu, compiled by gcc (Debian 14.2.0-19) 14.2.0, 64-bit
2026-01-21 13:06:16.317 UTC [1] LOG:  listening on IPv4 address "0.0.0.0", port 5432
2026-01-21 13:06:16.317 UTC [1] LOG:  listening on IPv6 address "::", port 5432
2026-01-21 13:06:16.337 UTC [1] LOG:  listening on Unix socket "/var/run/postgresql/.s.PGSQL.5432"
2026-01-21 13:06:16.394 UTC [30] LOG:  database system was shut down at 2026-01-21 13:06:02 UTC
2026-01-21 13:06:16.522 UTC [1] LOG:  database system is ready to accept connections
2026-01-21 13:11:16.388 UTC [28] LOG:  checkpoint starting: time
2026-01-21 13:12:51.603 UTC [28] LOG:  checkpoint complete: wrote 928 buffers (5.7%); 1 WAL file(s) added, 0 removed, 0 recycled; write=94.449 s, sync=0.506 s, total=95.215 s; sync files=302, longest=0.014 s, average=0.002 s; distance=4265 kB, estimate=4265 kB; lsn=0/1D47178, redo lsn=0/1D470E8
2026-01-21 13:31:16.427 UTC [28] LOG:  checkpoint starting: time
2026-01-21 13:31:16.615 UTC [28] LOG:  checkpoint complete: wrote 1 buffers (0.0%); 0 WAL file(s) added, 0 removed, 0 recycled; write=0.111 s, sync=0.012 s, total=0.188 s; sync files=1, longest=0.012 s, average=0.012 s; distance=5 kB, estimate=3839 kB; lsn=0/1D487C8, redo lsn=0/1D48770
2026-01-21 15:53:40.779 UTC [697] ERROR:  relation "__EFMigrationsHistory" does not exist at character 46
2026-01-21 15:53:40.779 UTC [697] STATEMENT:  SELECT "MigrationId", "ProductVersion"
	FROM "__EFMigrationsHistory"
	ORDER BY "MigrationId"
2026-01-21 15:56:34.382 UTC [710] ERROR:  relation "__EFMigrationsHistory" does not exist at character 46
2026-01-21 15:56:34.382 UTC [710] STATEMENT:  SELECT "MigrationId", "ProductVersion"
	FROM "__EFMigrationsHistory"
	ORDER BY "MigrationId"
2026-01-21 16:01:33.246 UTC [731] ERROR:  relation "__EFMigrationsHistory" does not exist at character 46
2026-01-21 16:01:33.246 UTC [731] STATEMENT:  SELECT "MigrationId", "ProductVersion"
	FROM "__EFMigrationsHistory"
	ORDER BY "MigrationId"
2026-01-21 16:06:18.162 UTC [28] LOG:  checkpoint starting: time
2026-01-21 16:06:27.390 UTC [28] LOG:  checkpoint complete: wrote 83 buffers (0.5%); 0 WAL file(s) added, 0 removed, 0 recycled; write=8.657 s, sync=0.388 s, total=9.230 s; sync files=74, longest=0.073 s, average=0.006 s; distance=329 kB, estimate=3488 kB; lsn=0/1D9AC68, redo lsn=0/1D9ABD8
