2026-01-26 04:09:16.156 UTC [1] LOG:  starting PostgreSQL 17.7 (Debian 17.7-3.pgdg13+1) on x86_64-pc-linux-gnu, compiled by gcc (Debian 14.2.0-19) 14.2.0, 64-bit
2026-01-26 04:09:16.158 UTC [1] LOG:  listening on IPv4 address "0.0.0.0", port 5432
2026-01-26 04:09:16.158 UTC [1] LOG:  listening on IPv6 address "::", port 5432
2026-01-26 04:09:16.177 UTC [1] LOG:  listening on Unix socket "/var/run/postgresql/.s.PGSQL.5432"
2026-01-26 04:09:16.241 UTC [30] LOG:  database system was interrupted; last known up at 2026-01-23 16:32:01 UTC
2026-01-26 04:09:21.963 UTC [30] LOG:  database system was not properly shut down; automatic recovery in progress
2026-01-26 04:09:22.035 UTC [30] LOG:  redo starts at 0/1E36D28
2026-01-26 04:09:22.036 UTC [30] LOG:  invalid record length at 0/1E36E68: expected at least 24, got 0
2026-01-26 04:09:22.036 UTC [30] LOG:  redo done at 0/1E36E30 system usage: CPU: user: 0.00 s, system: 0.00 s, elapsed: 0.00 s
2026-01-26 04:09:22.111 UTC [28] LOG:  checkpoint starting: end-of-recovery immediate wait
2026-01-26 04:09:22.184 UTC [28] LOG:  checkpoint complete: wrote 3 buffers (0.0%); 0 WAL file(s) added, 0 removed, 0 recycled; write=0.020 s, sync=0.009 s, total=0.079 s; sync files=2, longest=0.005 s, average=0.005 s; distance=0 kB, estimate=0 kB; lsn=0/1E36E68, redo lsn=0/1E36E68
2026-01-26 04:09:22.210 UTC [1] LOG:  database system is ready to accept connections
2026-01-26 05:04:22.855 UTC [28] LOG:  checkpoint starting: time
2026-01-26 05:04:23.124 UTC [28] LOG:  checkpoint complete: wrote 2 buffers (0.0%); 0 WAL file(s) added, 0 removed, 0 recycled; write=0.138 s, sync=0.009 s, total=0.269 s; sync files=2, longest=0.006 s, average=0.005 s; distance=3 kB, estimate=3 kB; lsn=0/1E37EB0, redo lsn=0/1E37E58
2026-01-26 05:14:22.276 UTC [28] LOG:  checkpoint starting: time
2026-01-26 05:14:28.427 UTC [28] LOG:  checkpoint complete: wrote 59 buffers (0.4%); 0 WAL file(s) added, 0 removed, 0 recycled; write=5.925 s, sync=0.164 s, total=6.151 s; sync files=57, longest=0.007 s, average=0.003 s; distance=268 kB, estimate=268 kB; lsn=0/1E7B250, redo lsn=0/1E7B1C0
2026-01-26 05:59:22.717 UTC [28] LOG:  checkpoint starting: time
2026-01-26 05:59:25.473 UTC [28] LOG:  checkpoint complete: wrote 27 buffers (0.2%); 0 WAL file(s) added, 0 removed, 0 recycled; write=2.649 s, sync=0.053 s, total=2.757 s; sync files=19, longest=0.005 s, average=0.003 s; distance=2 kB, estimate=242 kB; lsn=0/1E7BB30, redo lsn=0/1E7BAD8
2026-01-26 06:44:22.917 UTC [28] LOG:  checkpoint starting: time
2026-01-26 06:44:23.170 UTC [28] LOG:  checkpoint complete: wrote 2 buffers (0.0%); 0 WAL file(s) added, 0 removed, 0 recycled; write=0.134 s, sync=0.011 s, total=0.256 s; sync files=2, longest=0.007 s, average=0.006 s; distance=0 kB, estimate=218 kB; lsn=0/1E7BE08, redo lsn=0/1E7BDB0
2026-01-26 06:49:22.176 UTC [28] LOG:  checkpoint starting: time
2026-01-26 06:49:22.358 UTC [28] LOG:  checkpoint complete: wrote 2 buffers (0.0%); 0 WAL file(s) added, 0 removed, 0 recycled; write=0.118 s, sync=0.009 s, total=0.183 s; sync files=2, longest=0.006 s, average=0.005 s; distance=4 kB, estimate=196 kB; lsn=0/1E7CF20, redo lsn=0/1E7CEC8
2026-01-26 06:59:22.499 UTC [28] LOG:  checkpoint starting: time
2026-01-26 06:59:29.668 UTC [28] LOG:  checkpoint complete: wrote 65 buffers (0.4%); 0 WAL file(s) added, 0 removed, 0 recycled; write=6.864 s, sync=0.236 s, total=7.169 s; sync files=66, longest=0.012 s, average=0.004 s; distance=324 kB, estimate=324 kB; lsn=0/1ECE230, redo lsn=0/1ECE1D8
2026-01-26 07:04:22.742 UTC [28] LOG:  checkpoint starting: time
2026-01-26 07:04:23.222 UTC [28] LOG:  checkpoint complete: wrote 4 buffers (0.0%); 0 WAL file(s) added, 0 removed, 0 recycled; write=0.414 s, sync=0.004 s, total=0.481 s; sync files=1, longest=0.004 s, average=0.004 s; distance=22 kB, estimate=294 kB; lsn=0/1ED3BF0, redo lsn=0/1ED3B98
2026-01-26 07:14:22.246 UTC [28] LOG:  checkpoint starting: time
2026-01-26 07:14:22.651 UTC [28] LOG:  checkpoint complete: wrote 4 buffers (0.0%); 0 WAL file(s) added, 0 removed, 0 recycled; write=0.326 s, sync=0.014 s, total=0.406 s; sync files=4, longest=0.005 s, average=0.004 s; distance=0 kB, estimate=265 kB; lsn=0/1ED3D88, redo lsn=0/1ED3D30
2026-01-26 07:36:44.145 UTC [215] FATAL:  password authentication failed for user "admin"
2026-01-26 07:36:44.145 UTC [215] DETAIL:  Connection matched file "/var/lib/postgresql/data/pg_hba.conf" line 128: "host all all all scram-sha-256"
2026-01-26 07:54:23.198 UTC [28] LOG:  checkpoint starting: time
2026-01-26 07:54:24.768 UTC [28] LOG:  checkpoint complete: wrote 15 buffers (0.1%); 0 WAL file(s) added, 0 removed, 0 recycled; write=1.466 s, sync=0.036 s, total=1.571 s; sync files=10, longest=0.005 s, average=0.004 s; distance=0 kB, estimate=238 kB; lsn=0/1ED3FB0, redo lsn=0/1ED3F58
2026-01-26 07:59:23.851 UTC [28] LOG:  checkpoint starting: time
2026-01-26 07:59:31.382 UTC [28] LOG:  checkpoint complete: wrote 73 buffers (0.4%); 0 WAL file(s) added, 0 removed, 0 recycled; write=7.320 s, sync=0.151 s, total=7.532 s; sync files=46, longest=0.006 s, average=0.004 s; distance=259 kB, estimate=259 kB; lsn=0/1F14C48, redo lsn=0/1F14BF0
2026-01-26 08:09:23.563 UTC [28] LOG:  checkpoint starting: time
2026-01-26 08:09:24.506 UTC [28] LOG:  checkpoint complete: wrote 9 buffers (0.1%); 0 WAL file(s) added, 0 removed, 0 recycled; write=0.840 s, sync=0.037 s, total=0.943 s; sync files=7, longest=0.009 s, average=0.006 s; distance=1 kB, estimate=233 kB; lsn=0/1F15348, redo lsn=0/1F152F0
2026-01-26 08:14:23.481 UTC [28] LOG:  checkpoint starting: time
2026-01-26 08:14:24.521 UTC [28] LOG:  checkpoint complete: wrote 10 buffers (0.1%); 0 WAL file(s) added, 0 removed, 0 recycled; write=0.934 s, sync=0.033 s, total=1.040 s; sync files=8, longest=0.009 s, average=0.005 s; distance=1 kB, estimate=210 kB; lsn=0/1F15A38, redo lsn=0/1F159E0
2026-01-26 08:34:23.541 UTC [28] LOG:  checkpoint starting: time
2026-01-26 08:34:23.952 UTC [28] LOG:  checkpoint complete: wrote 4 buffers (0.0%); 0 WAL file(s) added, 0 removed, 0 recycled; write=0.323 s, sync=0.016 s, total=0.412 s; sync files=4, longest=0.007 s, average=0.004 s; distance=4 kB, estimate=189 kB; lsn=0/1F16C00, redo lsn=0/1F16BA8
2026-01-26 08:44:24.091 UTC [28] LOG:  checkpoint starting: time
2026-01-26 08:44:24.718 UTC [28] LOG:  checkpoint complete: wrote 6 buffers (0.0%); 0 WAL file(s) added, 0 removed, 0 recycled; write=0.532 s, sync=0.025 s, total=0.628 s; sync files=6, longest=0.007 s, average=0.005 s; distance=1 kB, estimate=170 kB; lsn=0/1F172A0, redo lsn=0/1F17248
