2026-01-29 09:44:34.047 UTC [1] LOG:  starting PostgreSQL 17.7 (Debian 17.7-3.pgdg13+1) on x86_64-pc-linux-gnu, compiled by gcc (Debian 14.2.0-19) 14.2.0, 64-bit
2026-01-29 09:44:34.050 UTC [1] LOG:  listening on IPv4 address "0.0.0.0", port 5432
2026-01-29 09:44:34.050 UTC [1] LOG:  listening on IPv6 address "::", port 5432
2026-01-29 09:44:34.070 UTC [1] LOG:  listening on Unix socket "/var/run/postgresql/.s.PGSQL.5432"
2026-01-29 09:44:34.133 UTC [31] LOG:  database system was interrupted; last known up at 2026-01-29 08:31:58 UTC
2026-01-29 09:44:40.704 UTC [31] LOG:  database system was not properly shut down; automatic recovery in progress
2026-01-29 09:44:40.810 UTC [31] LOG:  redo starts at 0/20825B0
2026-01-29 09:44:40.812 UTC [31] LOG:  invalid record length at 0/20826B8: expected at least 24, got 0
2026-01-29 09:44:40.812 UTC [31] LOG:  redo done at 0/2082680 system usage: CPU: user: 0.00 s, system: 0.00 s, elapsed: 0.00 s
2026-01-29 09:44:40.968 UTC [29] LOG:  checkpoint starting: end-of-recovery immediate wait
2026-01-29 09:44:41.058 UTC [29] LOG:  checkpoint complete: wrote 3 buffers (0.0%); 0 WAL file(s) added, 0 removed, 0 recycled; write=0.025 s, sync=0.012 s, total=0.096 s; sync files=2, longest=0.006 s, average=0.006 s; distance=0 kB, estimate=0 kB; lsn=0/20826B8, redo lsn=0/20826B8
2026-01-29 09:44:41.094 UTC [1] LOG:  database system is ready to accept connections
2026-01-29 09:49:40.111 UTC [29] LOG:  checkpoint starting: time
2026-01-29 09:49:40.272 UTC [29] LOG:  checkpoint complete: wrote 2 buffers (0.0%); 0 WAL file(s) added, 0 removed, 0 recycled; write=0.111 s, sync=0.010 s, total=0.161 s; sync files=2, longest=0.006 s, average=0.005 s; distance=7 kB, estimate=7 kB; lsn=0/2084410, redo lsn=0/20843B8
2026-01-29 09:54:40.320 UTC [29] LOG:  checkpoint starting: time
2026-01-29 09:54:40.579 UTC [29] LOG:  checkpoint complete: wrote 2 buffers (0.0%); 0 WAL file(s) added, 0 removed, 0 recycled; write=0.169 s, sync=0.011 s, total=0.259 s; sync files=2, longest=0.007 s, average=0.006 s; distance=1 kB, estimate=6 kB; lsn=0/2084BD8, redo lsn=0/2084B80
2026-01-29 09:59:40.637 UTC [29] LOG:  checkpoint starting: time
2026-01-29 09:59:41.520 UTC [29] LOG:  checkpoint complete: wrote 8 buffers (0.0%); 0 WAL file(s) added, 0 removed, 0 recycled; write=0.751 s, sync=0.038 s, total=0.883 s; sync files=8, longest=0.010 s, average=0.005 s; distance=4 kB, estimate=6 kB; lsn=0/2085CC0, redo lsn=0/2085C68
2026-01-29 10:04:40.531 UTC [29] LOG:  checkpoint starting: time
2026-01-29 10:04:41.344 UTC [29] LOG:  checkpoint complete: wrote 8 buffers (0.0%); 0 WAL file(s) added, 0 removed, 0 recycled; write=0.736 s, sync=0.026 s, total=0.813 s; sync files=8, longest=0.006 s, average=0.004 s; distance=8 kB, estimate=8 kB; lsn=0/2087EA8, redo lsn=0/2087E50
2026-01-29 10:14:40.434 UTC [29] LOG:  checkpoint starting: time
2026-01-29 10:14:40.720 UTC [29] LOG:  checkpoint complete: wrote 3 buffers (0.0%); 0 WAL file(s) added, 0 removed, 0 recycled; write=0.219 s, sync=0.012 s, total=0.286 s; sync files=3, longest=0.006 s, average=0.004 s; distance=12 kB, estimate=12 kB; lsn=0/208AF90, redo lsn=0/208AF38
2026-01-29 11:55:13.259 UTC [29] LOG:  checkpoint starting: time
2026-01-29 11:55:14.176 UTC [29] LOG:  checkpoint complete: wrote 9 buffers (0.1%); 0 WAL file(s) added, 0 removed, 0 recycled; write=0.826 s, sync=0.035 s, total=0.917 s; sync files=9, longest=0.007 s, average=0.004 s; distance=18 kB, estimate=18 kB; lsn=0/208F978, redo lsn=0/208F920
2026-01-29 12:00:13.210 UTC [29] LOG:  checkpoint starting: time
2026-01-29 12:00:14.235 UTC [29] LOG:  checkpoint complete: wrote 10 buffers (0.1%); 0 WAL file(s) added, 0 removed, 0 recycled; write=0.934 s, sync=0.032 s, total=1.025 s; sync files=9, longest=0.005 s, average=0.004 s; distance=21 kB, estimate=21 kB; lsn=0/2094F10, redo lsn=0/2094EB8
2026-01-29 12:05:13.306 UTC [29] LOG:  checkpoint starting: time
2026-01-29 12:05:14.300 UTC [29] LOG:  checkpoint complete: wrote 9 buffers (0.1%); 0 WAL file(s) added, 0 removed, 0 recycled; write=0.859 s, sync=0.053 s, total=0.995 s; sync files=8, longest=0.018 s, average=0.007 s; distance=19 kB, estimate=21 kB; lsn=0/2099D00, redo lsn=0/2099CA8
2026-01-29 12:10:13.284 UTC [29] LOG:  checkpoint starting: time
2026-01-29 12:10:14.811 UTC [29] LOG:  checkpoint complete: wrote 15 buffers (0.1%); 0 WAL file(s) added, 0 removed, 0 recycled; write=1.434 s, sync=0.041 s, total=1.527 s; sync files=13, longest=0.005 s, average=0.004 s; distance=45 kB, estimate=45 kB; lsn=0/20A53E0, redo lsn=0/20A5388
2026-01-29 12:15:13.859 UTC [29] LOG:  checkpoint starting: time
2026-01-29 12:15:14.163 UTC [29] LOG:  checkpoint complete: wrote 3 buffers (0.0%); 0 WAL file(s) added, 0 removed, 0 recycled; write=0.225 s, sync=0.014 s, total=0.305 s; sync files=3, longest=0.007 s, average=0.005 s; distance=10 kB, estimate=42 kB; lsn=0/20A7DD0, redo lsn=0/20A7D78
2026-01-29 12:20:13.144 UTC [29] LOG:  checkpoint starting: time
2026-01-29 12:20:13.537 UTC [29] LOG:  checkpoint complete: wrote 3 buffers (0.0%); 0 WAL file(s) added, 0 removed, 0 recycled; write=0.241 s, sync=0.033 s, total=0.393 s; sync files=3, longest=0.026 s, average=0.011 s; distance=2 kB, estimate=38 kB; lsn=0/20A8798, redo lsn=0/20A8740
2026-01-29 12:25:13.586 UTC [29] LOG:  checkpoint starting: time
2026-01-29 12:25:17.660 UTC [29] LOG:  checkpoint complete: wrote 39 buffers (0.2%); 0 WAL file(s) added, 0 removed, 0 recycled; write=3.927 s, sync=0.095 s, total=4.075 s; sync files=33, longest=0.005 s, average=0.003 s; distance=162 kB, estimate=162 kB; lsn=0/20D10A0, redo lsn=0/20D1048
2026-01-29 12:35:13.728 UTC [29] LOG:  checkpoint starting: time
2026-01-29 12:35:14.212 UTC [29] LOG:  checkpoint complete: wrote 5 buffers (0.0%); 0 WAL file(s) added, 0 removed, 0 recycled; write=0.418 s, sync=0.020 s, total=0.485 s; sync files=5, longest=0.006 s, average=0.004 s; distance=1 kB, estimate=146 kB; lsn=0/20D1518, redo lsn=0/20D14C0
2026-01-29 12:54:50.767 UTC [188] ERROR:  syntax error at or near "WHERE" at character 52
2026-01-29 12:54:50.767 UTC [188] STATEMENT:  SELECT * FROM public.swot_items
	ORDER BY "Id" ASC 
	WHERE "StandardId" != NULL
2026-01-29 12:55:13.415 UTC [29] LOG:  checkpoint starting: time
2026-01-29 12:55:15.205 UTC [29] LOG:  checkpoint complete: wrote 18 buffers (0.1%); 0 WAL file(s) added, 0 removed, 0 recycled; write=1.729 s, sync=0.020 s, total=1.791 s; sync files=6, longest=0.004 s, average=0.004 s; distance=9 kB, estimate=132 kB; lsn=0/20D3988, redo lsn=0/20D3930
2026-01-29 12:55:25.922 UTC [188] ERROR:  operator does not exist: integer == integer at character 53
2026-01-29 12:55:25.922 UTC [188] HINT:  No operator matches the given name and argument types. You might need to add explicit type casts.
2026-01-29 12:55:25.922 UTC [188] STATEMENT:  SELECT * FROM public.swot_items 
	WHERE "StandardId" == 2
	ORDER BY "Id" ASC
2026-01-29 13:00:13.282 UTC [29] LOG:  checkpoint starting: time
2026-01-29 13:00:13.449 UTC [29] LOG:  checkpoint complete: wrote 2 buffers (0.0%); 0 WAL file(s) added, 0 removed, 0 recycled; write=0.112 s, sync=0.010 s, total=0.168 s; sync files=2, longest=0.007 s, average=0.005 s; distance=0 kB, estimate=119 kB; lsn=0/20D3B20, redo lsn=0/20D3AC8
2026-01-29 13:05:13.524 UTC [29] LOG:  checkpoint starting: time
2026-01-29 13:05:14.317 UTC [29] LOG:  checkpoint complete: wrote 8 buffers (0.0%); 0 WAL file(s) added, 0 removed, 0 recycled; write=0.719 s, sync=0.027 s, total=0.794 s; sync files=8, longest=0.005 s, average=0.004 s; distance=13 kB, estimate=108 kB; lsn=0/20D71D0, redo lsn=0/20D7178
2026-01-29 13:10:13.388 UTC [29] LOG:  checkpoint starting: time
2026-01-29 13:10:14.173 UTC [29] LOG:  checkpoint complete: wrote 8 buffers (0.0%); 0 WAL file(s) added, 0 removed, 0 recycled; write=0.720 s, sync=0.023 s, total=0.786 s; sync files=8, longest=0.004 s, average=0.003 s; distance=14 kB, estimate=99 kB; lsn=0/20DA9F8, redo lsn=0/20DA9A0
2026-01-29 13:15:13.249 UTC [29] LOG:  checkpoint starting: time
2026-01-29 13:15:13.418 UTC [29] LOG:  checkpoint complete: wrote 2 buffers (0.0%); 0 WAL file(s) added, 0 removed, 0 recycled; write=0.123 s, sync=0.008 s, total=0.169 s; sync files=2, longest=0.005 s, average=0.004 s; distance=1 kB, estimate=89 kB; lsn=0/20DAFD0, redo lsn=0/20DAF78
2026-01-29 13:17:45.256 UTC [234] ERROR:  value too long for type character varying(50)
2026-01-29 13:17:45.256 UTC [234] STATEMENT:  UPDATE swot_items SET "ReferenceStandard" = $1, "StandardId" = $2
	WHERE "Id" = $3
2026-01-29 13:19:42.818 UTC [234] ERROR:  value too long for type character varying(50)
2026-01-29 13:19:42.818 UTC [234] STATEMENT:  UPDATE swot_items SET "ReferenceStandard" = $1, "StandardId" = $2
	WHERE "Id" = $3
2026-01-29 13:20:13.461 UTC [29] LOG:  checkpoint starting: time
2026-01-29 13:20:14.268 UTC [29] LOG:  checkpoint complete: wrote 8 buffers (0.0%); 0 WAL file(s) added, 0 removed, 0 recycled; write=0.726 s, sync=0.028 s, total=0.807 s; sync files=8, longest=0.006 s, average=0.004 s; distance=13 kB, estimate=81 kB; lsn=0/20DE640, redo lsn=0/20DE5E8
2026-01-29 13:25:04.931 UTC [262] ERROR:  value too long for type character varying(50)
2026-01-29 13:25:04.931 UTC [262] STATEMENT:  INSERT INTO swot_items ("AnalysisCategoryId", "CategoryModel", "Description", "IndicatorId", "ProjectId", "ReferenceStandard", "Score", "SequenceNo", "StandardId", "SwotType", "Weight")
	VALUES ($1, $2, $3, $4, $5, $6, $7, $8, $9, $10, $11)
	RETURNING "Id"
2026-01-29 13:25:13.312 UTC [29] LOG:  checkpoint starting: time
2026-01-29 13:25:14.338 UTC [29] LOG:  checkpoint complete: wrote 10 buffers (0.1%); 0 WAL file(s) added, 0 removed, 0 recycled; write=0.933 s, sync=0.034 s, total=1.026 s; sync files=10, longest=0.009 s, average=0.004 s; distance=14 kB, estimate=75 kB; lsn=0/20E2230, redo lsn=0/20E21A0
2026-01-29 13:26:11.272 UTC [262] ERROR:  value too long for type character varying(50)
2026-01-29 13:26:11.272 UTC [262] STATEMENT:  INSERT INTO swot_items ("AnalysisCategoryId", "CategoryModel", "Description", "IndicatorId", "ProjectId", "ReferenceStandard", "Score", "SequenceNo", "StandardId", "SwotType", "Weight")
	VALUES ($1, $2, $3, $4, $5, $6, $7, $8, $9, $10, $11)
	RETURNING "Id"
2026-01-29 13:30:13.396 UTC [29] LOG:  checkpoint starting: time
2026-01-29 13:30:15.034 UTC [29] LOG:  checkpoint complete: wrote 16 buffers (0.1%); 0 WAL file(s) added, 0 removed, 0 recycled; write=1.539 s, sync=0.050 s, total=1.638 s; sync files=14, longest=0.006 s, average=0.004 s; distance=72 kB, estimate=74 kB; lsn=0/20F4290, redo lsn=0/20F4238
2026-01-29 13:35:13.097 UTC [29] LOG:  checkpoint starting: time
2026-01-29 13:35:15.512 UTC [29] LOG:  checkpoint complete: wrote 23 buffers (0.1%); 0 WAL file(s) added, 0 removed, 0 recycled; write=2.276 s, sync=0.071 s, total=2.415 s; sync files=19, longest=0.007 s, average=0.004 s; distance=54 kB, estimate=72 kB; lsn=0/2101B10, redo lsn=0/2101AB8
2026-01-29 13:40:13.587 UTC [29] LOG:  checkpoint starting: time
2026-01-29 13:40:14.987 UTC [29] LOG:  checkpoint complete: wrote 13 buffers (0.1%); 0 WAL file(s) added, 0 removed, 0 recycled; write=1.269 s, sync=0.041 s, total=1.401 s; sync files=10, longest=0.009 s, average=0.005 s; distance=26 kB, estimate=68 kB; lsn=0/21085D0, redo lsn=0/2108578
2026-01-29 13:45:14.057 UTC [29] LOG:  checkpoint starting: time
2026-01-29 13:45:15.072 UTC [29] LOG:  checkpoint complete: wrote 10 buffers (0.1%); 0 WAL file(s) added, 0 removed, 0 recycled; write=0.927 s, sync=0.039 s, total=1.016 s; sync files=10, longest=0.006 s, average=0.004 s; distance=15 kB, estimate=62 kB; lsn=0/210C5B0, redo lsn=0/210C558
2026-01-29 14:03:23.899 UTC [1] LOG:  received fast shutdown request
2026-01-29 14:03:23.913 UTC [1] LOG:  aborting any active transactions
2026-01-29 14:03:23.918 UTC [135] FATAL:  terminating connection due to administrator command
2026-01-29 14:03:23.919 UTC [188] FATAL:  terminating connection due to administrator command
2026-01-29 14:03:23.920 UTC [133] FATAL:  terminating connection due to administrator command
2026-01-29 14:03:23.923 UTC [239] FATAL:  terminating connection due to administrator command
2026-01-29 14:03:23.924 UTC [138] FATAL:  terminating connection due to administrator command
2026-01-29 14:03:23.935 UTC [191] FATAL:  terminating connection due to administrator command
2026-01-29 14:03:23.938 UTC [141] FATAL:  terminating connection due to administrator command
2026-01-29 14:03:23.917 UTC [148] FATAL:  terminating connection due to administrator command
2026-01-29 14:03:23.947 UTC [136] FATAL:  terminating connection due to administrator command
2026-01-29 14:03:23.953 UTC [134] FATAL:  terminating connection due to administrator command
2026-01-29 14:03:23.955 UTC [167] FATAL:  terminating connection due to administrator command
2026-01-29 14:03:23.962 UTC [1] LOG:  background worker "logical replication launcher" (PID 34) exited with exit code 1
2026-01-29 14:03:23.959 UTC [143] FATAL:  terminating connection due to administrator command
2026-01-29 14:03:24.100 UTC [29] LOG:  shutting down
2026-01-29 14:03:24.106 UTC [29] LOG:  checkpoint starting: shutdown immediate
2026-01-29 14:03:24.174 UTC [29] LOG:  checkpoint complete: wrote 0 buffers (0.0%); 0 WAL file(s) added, 0 removed, 0 recycled; write=0.012 s, sync=0.001 s, total=0.075 s; sync files=0, longest=0.000 s, average=0.000 s; distance=0 kB, estimate=56 kB; lsn=0/210C660, redo lsn=0/210C660
2026-01-29 14:03:24.223 UTC [1] LOG:  database system is shut down
